<?xml version="1.0" encoding="UTF-8"?>
<testsuite xmlns:xsi="http://www.w3.org/2001/XMLSchema-instance" xsi:noNamespaceSchemaLocation="https://maven.apache.org/surefire/maven-surefire-plugin/xsd/surefire-test-report.xsd" name="com.itau.pix.dto.CpfDtoTest" time="0.03" tests="2" errors="0" skipped="0" failures="0">
  <properties>
[...]
</properties>
  <testcase name="shouldValid" classname="com.itau.pix.dto.CpfDtoTest" time="0.011"/>
  <testcase name="shouldInvalid" classname="com.itau.pix.dto.CpfDtoTest" time="0.01"/>
</testsuite>